"../../../../../UE4 projects/DogGame/Content/Garage_BuiltData.uasset" 0
"../../../../../UE4 projects/DogGame/Content/Assets/Backgrounds/fuckthisshitiwannadie1.uasset" 1
"../../Plugins/2D/Paper2D/Content/PlaceholderTextures/DummySpriteTexture.uasset" 2
"../../Plugins/2D/Paper2D/Content/DummySpriteTexture.uasset" 3
"../../Plugins/2D/Paper2D/Content/DefaultSpriteMaterial.uasset" 4
"../../Plugins/2D/Paper2D/Content/TranslucentUnlitSpriteMaterial.uasset" 5
"../../../../../UE4 projects/DogGame/Content/Assets/Backgrounds/gargage.uasset" 6
"../../../../../UE4 projects/DogGame/Content/Assets/Backgrounds/S_Garage.uasset" 7
"../../../../../UE4 projects/DogGame/Content/Assets/PNGs/Dog_happy_pickup2.uasset" 8
"../../../../../UE4 projects/DogGame/Content/Assets/PNGs/Dog_happy_pickup2_Sprite.uasset" 9
"../../../../../UE4 projects/DogGame/Content/Assets/Flipbooks/FB_DogPickup.uasset" 10
"../../../../../UE4 projects/DogGame/Content/Assets/PNGs/girl_stillsad1.uasset" 11
"../../../../../UE4 projects/DogGame/Content/Assets/PNGs/girl_stillsad1_Sprite.uasset" 12
"../../../../../UE4 projects/DogGame/Content/Assets/PNGs/girl_stillsad2.uasset" 13
"../../../../../UE4 projects/DogGame/Content/Assets/PNGs/girl_stillsad2_Sprite.uasset" 14
"../../../../../UE4 projects/DogGame/Content/Assets/PNGs/girl_stillsad3.uasset" 15
"../../../../../UE4 projects/DogGame/Content/Assets/PNGs/girl_stillsad3_Sprite.uasset" 16
"../../../../../UE4 projects/DogGame/Content/Assets/PNGs/girl_stillsad4.uasset" 17
"../../../../../UE4 projects/DogGame/Content/Assets/PNGs/girl_stillsad4_Sprite.uasset" 18
"../../../../../UE4 projects/DogGame/Content/Assets/Flipbooks/FB_GirlStillSad.uasset" 19
"../../../../../UE4 projects/DogGame/Content/Assets/PNGs/Dog_Sad_Pickup2.uasset" 20
"../../../../../UE4 projects/DogGame/Content/Assets/PNGs/Dog_Sad_Pickup2_Sprite.uasset" 21
"../../../../../UE4 projects/DogGame/Content/Assets/Flipbooks/FB_SadDogPickup.uasset" 22
"../../../../../UE4 projects/DogGame/Content/Assets/Sound/Dog_Walk_deep.uasset" 23
"../../../../../UE4 projects/DogGame/Content/Assets/Sound/Dog_Walk_inside1.uasset" 24
"../../../../../UE4 projects/DogGame/Content/Assets/Sound/Dog_Walk_inside2.uasset" 25
"../../../../../UE4 projects/DogGame/Content/Assets/Sound/Possible_dad1_sound.uasset" 26
"../../../../../UE4 projects/DogGame/Content/Assets/Sound/Possible_dad1_sound3.uasset" 27
"../../../Engine/Content/EditorBlueprintResources/StandardMacros.uasset" 28
"../../../../../UE4 projects/DogGame/Content/Blueprints/Interactables/E_ItemType.uasset" 29
"../../../../../UE4 projects/DogGame/Content/Blueprints/Interactables/BP_BaseItem.uasset" 30
"../../../../../UE4 projects/DogGame/Content/Blueprints/Interactables/F_ItemInfo.uasset" 31
"../../../../../UE4 projects/DogGame/Content/TemporaryAssets/Nemo_Idle_1.uasset" 32
"../../../../../UE4 projects/DogGame/Content/TemporaryAssets/S_Nemo_Idle_1_Sprite.uasset" 33
"../../../../../UE4 projects/DogGame/Content/Blueprints/Interactables/BP_BaseInteractable.uasset" 34
"../../../../../UE4 projects/DogGame/Content/Blueprints/BlueprintInterfaces/BPI_Interact.uasset" 35
"../../../../../UE4 projects/DogGame/Content/Assets/PNGs/Racoon_Idle1.uasset" 36
"../../../../../UE4 projects/DogGame/Content/Assets/PNGs/Racoon_Idle1_Sprite.uasset" 37
"../../../../../UE4 projects/DogGame/Content/Assets/PNGs/Racoon_Idle2.uasset" 38
"../../../../../UE4 projects/DogGame/Content/Assets/PNGs/Racoon_Idle2_Sprite.uasset" 39
"../../../../../UE4 projects/DogGame/Content/Assets/Flipbooks/FB_RacoonIdle.uasset" 40
"../../../../../UE4 projects/DogGame/Content/Assets/PNGs/Racoon_Run1.uasset" 41
"../../../../../UE4 projects/DogGame/Content/Assets/PNGs/Racoon_Run1_Sprite.uasset" 42
"../../../../../UE4 projects/DogGame/Content/Assets/PNGs/Racoon_Run2.uasset" 43
"../../../../../UE4 projects/DogGame/Content/Assets/PNGs/Racoon_Run2_Sprite.uasset" 44
"../../../../../UE4 projects/DogGame/Content/Assets/PNGs/Racoon_Run3.uasset" 45
"../../../../../UE4 projects/DogGame/Content/Assets/PNGs/Racoon_Run3_Sprite.uasset" 46
"../../../../../UE4 projects/DogGame/Content/Assets/PNGs/Racoon_Run4.uasset" 47
"../../../../../UE4 projects/DogGame/Content/Assets/PNGs/Racoon_Run4_Sprite.uasset" 48
"../../../../../UE4 projects/DogGame/Content/Assets/Flipbooks/FB_RacoonRun.uasset" 49
"../../../../../UE4 projects/DogGame/Content/Blueprints/Interactables/BP_Racoon.uasset" 50
"../../../../../UE4 projects/DogGame/Content/Blueprints/Interactables/F_InteractableVariables.uasset" 51
"../../../../../UE4 projects/DogGame/Content/Assets/PNGs/Dog_Bark2.uasset" 52
"../../../../../UE4 projects/DogGame/Content/Assets/PNGs/Dog_Bark2_Sprite.uasset" 53
"../../../../../UE4 projects/DogGame/Content/Assets/Flipbooks/FB_DogBark.uasset" 54
"../../../../../UE4 projects/DogGame/Content/Assets/PNGs/Dog_Jumputensad2.uasset" 55
"../../../../../UE4 projects/DogGame/Content/Assets/PNGs/Dog_Jumputensad2_Sprite.uasset" 56
"../../../../../UE4 projects/DogGame/Content/Assets/Flipbooks/FB_DogFall.uasset" 57
"../../../../../UE4 projects/DogGame/Content/Assets/PNGs/Dog_tailwag1.uasset" 58
"../../../../../UE4 projects/DogGame/Content/Assets/PNGs/Dog_tailwag1_Sprite.uasset" 59
"../../../../../UE4 projects/DogGame/Content/Assets/PNGs/Dog_tailwag2.uasset" 60
"../../../../../UE4 projects/DogGame/Content/Assets/PNGs/Dog_tailwag2_Sprite.uasset" 61
"../../../../../UE4 projects/DogGame/Content/Assets/PNGs/Dog_tailwag3.uasset" 62
"../../../../../UE4 projects/DogGame/Content/Assets/PNGs/Dog_tailwag3_Sprite.uasset" 63
"../../../../../UE4 projects/DogGame/Content/Assets/PNGs/Dog_tailwag4.uasset" 64
"../../../../../UE4 projects/DogGame/Content/Assets/PNGs/Dog_tailwag4_Sprite.uasset" 65
"../../../../../UE4 projects/DogGame/Content/Assets/Flipbooks/FB_DogIdle.uasset" 66
"../../../../../UE4 projects/DogGame/Content/Assets/PNGs/Dog_Jumputensad1.uasset" 67
"../../../../../UE4 projects/DogGame/Content/Assets/PNGs/Dog_Jumputensad1_Sprite.uasset" 68
"../../../../../UE4 projects/DogGame/Content/Assets/Flipbooks/FB_DogJump.uasset" 69
"../../../../../UE4 projects/DogGame/Content/Assets/PNGs/Dog_walking1.uasset" 70
"../../../../../UE4 projects/DogGame/Content/Assets/PNGs/Dog_walking1_Sprite.uasset" 71
"../../../../../UE4 projects/DogGame/Content/Assets/PNGs/Dog_walking2.uasset" 72
"../../../../../UE4 projects/DogGame/Content/Assets/PNGs/Dog_walking2_Sprite.uasset" 73
"../../../../../UE4 projects/DogGame/Content/Assets/PNGs/Dog_walking3.uasset" 74
"../../../../../UE4 projects/DogGame/Content/Assets/PNGs/Dog_walking3_Sprite.uasset" 75
"../../../../../UE4 projects/DogGame/Content/Assets/PNGs/Dog_walking4.uasset" 76
"../../../../../UE4 projects/DogGame/Content/Assets/PNGs/Dog_walking4_Sprite.uasset" 77
"../../../../../UE4 projects/DogGame/Content/Assets/Flipbooks/FB_DogWalk.uasset" 78
"../../../../../UE4 projects/DogGame/Content/Assets/PNGs/Dog_Sad_bark2.uasset" 79
"../../../../../UE4 projects/DogGame/Content/Assets/PNGs/Dog_Sad_bark2_Sprite.uasset" 80
"../../../../../UE4 projects/DogGame/Content/Assets/Flipbooks/FB_SadDogBark.uasset" 81
"../../../../../UE4 projects/DogGame/Content/Assets/PNGs/Dog_Jump2.uasset" 82
"../../../../../UE4 projects/DogGame/Content/Assets/PNGs/Dog_Jump2_Sprite.uasset" 83
"../../../../../UE4 projects/DogGame/Content/Assets/Flipbooks/FB_SadDogFall.uasset" 84
"../../../../../UE4 projects/DogGame/Content/Assets/PNGs/Dog_Sad_Idle1.uasset" 85
"../../../../../UE4 projects/DogGame/Content/Assets/PNGs/Dog_Sad_Idle1_Sprite.uasset" 86
"../../../../../UE4 projects/DogGame/Content/Assets/PNGs/Dog_Sad_Idle2.uasset" 87
"../../../../../UE4 projects/DogGame/Content/Assets/PNGs/Dog_Sad_Idle2_Sprite.uasset" 88
"../../../../../UE4 projects/DogGame/Content/Assets/PNGs/Dog_Sad_Idle3.uasset" 89
"../../../../../UE4 projects/DogGame/Content/Assets/PNGs/Dog_Sad_Idle3_Sprite.uasset" 90
"../../../../../UE4 projects/DogGame/Content/Assets/Flipbooks/FB_SadDogIdle.uasset" 91
"../../../../../UE4 projects/DogGame/Content/Assets/PNGs/Dog_Jump1.uasset" 92
"../../../../../UE4 projects/DogGame/Content/Assets/PNGs/Dog_Jump1_Sprite.uasset" 93
"../../../../../UE4 projects/DogGame/Content/Assets/Flipbooks/FB_SadDogJump.uasset" 94
"../../../../../UE4 projects/DogGame/Content/Assets/PNGs/Dog_Sad_walking1.uasset" 95
"../../../../../UE4 projects/DogGame/Content/Assets/PNGs/Dog_Sad_walking1_Sprite.uasset" 96
"../../../../../UE4 projects/DogGame/Content/Assets/PNGs/Dog_Sad_walking2.uasset" 97
"../../../../../UE4 projects/DogGame/Content/Assets/PNGs/Dog_Sad_walking2_Sprite.uasset" 98
"../../../../../UE4 projects/DogGame/Content/Assets/PNGs/Dog_Sad_walking3.uasset" 99
"../../../../../UE4 projects/DogGame/Content/Assets/PNGs/Dog_Sad_walking3_Sprite.uasset" 100
"../../../../../UE4 projects/DogGame/Content/Assets/PNGs/Dog_Sad_walking4.uasset" 101
"../../../../../UE4 projects/DogGame/Content/Assets/PNGs/Dog_Sad_walking4_Sprite.uasset" 102
"../../../../../UE4 projects/DogGame/Content/Assets/Flipbooks/FB_SadDogWalk.uasset" 103
"../../../../../UE4 projects/DogGame/Content/Assets/Sound/Dog_Bark.uasset" 104
"../../../../../UE4 projects/DogGame/Content/Assets/Sound/Raccoon_Scream.uasset" 105
"../../../../../UE4 projects/DogGame/Content/Assets/Sound/dog_theme_for_jan_and_the_gang_that_doesnt_have_a_proper_composer_so_I_have_to_do_this_but_its_fun_so_I_dont_mind.uasset" 106
"../../../../../UE4 projects/DogGame/Content/Assets/Sound/SC_dog_theme_for_jan_and_the_gang_that_doesnt_have_a_proper_composer_so_I_have_to_do_this_b.uasset" 107
"../../../../../UE4 projects/DogGame/Content/Assets/Sound/SC_WalkInside.uasset" 108
"../../../../../UE4 projects/DogGame/Content/Blueprints/BP_Character.uasset" 109
"../../../../../UE4 projects/DogGame/Content/Blueprints/BP_GameMode.uasset" 110
"../../../../../UE4 projects/DogGame/Content/ENDING/LevelDesign/2DSideScrollerGameMode.uasset" 111
"../../../../../UE4 projects/DogGame/Content/ENDING/LevelDesign/EndImages/credits.uasset" 112
"../../../../../UE4 projects/DogGame/Content/ENDING/LevelDesign/EndImages/endcutscene3_1.uasset" 113
"../../../../../UE4 projects/DogGame/Content/ENDING/LevelDesign/EndImages/endcutsceneone_part5.uasset" 114
"../../../../../UE4 projects/DogGame/Content/ENDING/LevelDesign/EndImages/endcutscene_part2.uasset" 115
"../../../../../UE4 projects/DogGame/Content/ENDING/LevelDesign/EndImages/thetitleismadeofmydreamsandhopes.uasset" 116
"../../../../../UE4 projects/DogGame/Content/TemporaryAssets/Nemo_Idle_2.uasset" 117
"../../../../../UE4 projects/DogGame/Content/TemporaryAssets/S_Nemo_Idle_2_Sprite.uasset" 118
"../../../../../UE4 projects/DogGame/Content/TemporaryAssets/FB_Nemo_Idle.uasset" 119
"../../../Engine/Content/Animation/DefaultAnimCurveCompressionSettings.uasset" 120
"../../../Engine/Content/Functions/Engine_MaterialFunctions01/Opacity/CameraDepthFade.uasset" 121
"../../../Engine/Content/EngineMaterials/T_Default_Material_Grid_M.uasset" 122
"../../../Engine/Content/EngineMaterials/T_Default_Material_Grid_N.uasset" 123
"../../../Engine/Content/EngineMaterials/WorldGridMaterial.uasset" 124
"../../../Engine/Content/ArtTools/RenderToTexture/Meshes/S_1_Unit_Plane.uasset" 125
"../../../Engine/Content/EngineMaterials/DefaultMaterial.uasset" 126
"../../../Engine/Content/BasicShapes/Cone.uasset" 127
"../../../Engine/Content/BasicShapes/Cylinder.uasset" 128
"../../../Engine/Content/BasicShapes/Plane.uasset" 129
"../../../Engine/Content/BasicShapes/Sphere.uasset" 130
"../../../Engine/Content/EditorLandscapeResources/DataLayer.uasset" 131
"../../../Engine/Content/EditorMaterials/GizmoMaterial.uasset" 132
"../../../Engine/Content/EditorMaterials/MAT_Groups_Toggle.uasset" 133
"../../../Engine/Content/EditorMaterials/MAT_Groups_Visibility.uasset" 134
"../../../Engine/Content/EditorMaterials/PreviewShadowIndicator.uasset" 135
"../../../Engine/Content/EditorMaterials/PreviewShadowIndicatorMaterial.uasset" 136
"../../../Engine/Content/EditorMaterials/MatineeGroups/MAT_ColorTrack.uasset" 137
"../../../Engine/Content/EditorMaterials/MatineeGroups/MAT_Groups_Anim.uasset" 138
"../../../Engine/Content/EditorMaterials/MatineeGroups/MAT_Groups_AudioMaster.uasset" 139
"../../../Engine/Content/EditorMaterials/MatineeGroups/MAT_Groups_Director.uasset" 140
"../../../Engine/Content/EditorMaterials/MatineeGroups/MAT_Groups_Event.uasset" 141
"../../../Engine/Content/EditorMaterials/MatineeGroups/MAT_Groups_Fade.uasset" 142
"../../../Engine/Content/EditorMaterials/MatineeGroups/MAT_Groups_Float.uasset" 143
"../../../Engine/Content/EditorMaterials/MatineeGroups/MAT_Groups_Move.uasset" 144
"../../../Engine/Content/EditorMaterials/MatineeGroups/MAT_Groups_Slomo.uasset" 145
"../../../Engine/Content/EditorMaterials/MatineeGroups/MAT_Groups_Sound.uasset" 146
"../../../Engine/Content/EditorMaterials/MatineeGroups/MAT_Groups_Vector.uasset" 147
"../../../Engine/Content/EditorMaterials/ParticleSystems/PSysThumbnail_NoImage.uasset" 148
"../../../Engine/Content/EditorMaterials/ParticleSystems/PSysThumbnail_OOD.uasset" 149
"../../../Engine/Content/EditorMaterials/Camera/CineMat.uasset" 150
"../../../Engine/Content/EditorMaterials/Camera/MI_CineMat_Rig.uasset" 151
"../../../Engine/Content/EditorMeshes/Camera/SM_CraneRig_Arm.uasset" 152
"../../../Engine/Content/EditorMeshes/Camera/SM_CraneRig_Base.uasset" 153
"../../../Engine/Content/EditorMeshes/Camera/SM_CraneRig_Body.uasset" 154
"../../../Engine/Content/EditorMeshes/Camera/SM_CraneRig_Mount.uasset" 155
"../../../Engine/Content/EditorMeshes/Camera/SM_RailRig_Mount.uasset" 156
"../../../Engine/Content/EditorMeshes/Camera/SM_RailRig_Track.uasset" 157
"../../../Engine/Content/EditorResources/BSPVertex.uasset" 158
"../../../Engine/Content/EditorResources/EmptyActor.uasset" 159
"../../../Engine/Content/EditorResources/S_Actor.uasset" 160
"../../../Engine/Content/EditorResources/S_Note.uasset" 161
"../../../Engine/Content/EditorResources/S_Solver.uasset" 162
"../../../Engine/Content/EditorResources/S_Trigger.uasset" 163
"../../../Engine/Content/EditorResources/LightIcons/S_LightError.uasset" 164
"../../../Engine/Content/EditorResources/SequenceRecorder/Countdown.uasset" 165
"../../../Engine/Content/EditorResources/SequenceRecorder/RecordingIndicator.uasset" 166
"../../../Engine/Content/EditorSounds/Notifications/CompileFailed.uasset" 167
"../../../Engine/Content/EditorSounds/Notifications/CompileFailed_Cue.uasset" 168
"../../../Engine/Content/EditorSounds/Notifications/CompileSuccess.uasset" 169
"../../../Engine/Content/EditorSounds/Notifications/CompileStart_Cue.uasset" 170
"../../../Engine/Content/EditorSounds/Notifications/CompileSuccess_Cue.uasset" 171
"../../../Engine/Content/EngineDamageTypes/DmgTypeBP_Environmental.uasset" 172
"../../../Engine/Content/EngineDebugMaterials/HeatmapGradient.uasset" 173
"../../../Engine/Content/EngineDebugMaterials/BoneWeightMaterial.uasset" 174
"../../../Engine/Content/EngineDebugMaterials/ClothMaterial.uasset" 175
"../../../Engine/Content/EngineDebugMaterials/ClothMaterial_WF.uasset" 176
"../../../Engine/Content/EngineDebugMaterials/DebugEditorMaterial.uasset" 177
"../../../Engine/Content/EngineDebugMaterials/DebugMeshMaterial.uasset" 178
"../../../Engine/Content/EngineDebugMaterials/GeomMaterial.uasset" 179
"../../../Engine/Content/EngineDebugMaterials/M_SimpleTranslucent.uasset" 180
"../../../Engine/Content/Functions/Engine_MaterialFunctions02/Utility/CameraDirectionVector.uasset" 181
"../../../Engine/Content/EngineDebugMaterials/VolumeToRender.uasset" 182
"../../../Engine/Content/EngineDebugMaterials/M_VolumeRenderSphereTracePP.uasset" 183
"../../../Engine/Content/EngineDebugMaterials/WireframeMaterial.uasset" 184
"../../../Engine/Content/EngineFonts/Faces/RobotoBold.uasset" 185
"../../../Engine/Content/EngineFonts/Faces/RobotoBoldItalic.uasset" 186
"../../../Engine/Content/EngineFonts/Faces/RobotoItalic.uasset" 187
"../../../Engine/Content/EngineFonts/Faces/RobotoLight.uasset" 188
"../../../Engine/Content/EngineFonts/Faces/RobotoRegular.uasset" 189
"../../../Engine/Content/EngineFonts/Roboto.uasset" 190
"../../../Engine/Content/EngineMaterials/BaseFlattenDiffuseMap.uasset" 191
"../../../Engine/Content/EngineMaterials/BaseFlattenEmissiveMap.uasset" 192
"../../../Engine/Content/EngineMaterials/BaseFlattenGrayscaleMap.uasset" 193
"../../../Engine/Content/EngineMaterials/BaseFlattenNormalMap.uasset" 194
"../../../Engine/Content/EngineMaterials/BaseFlattenMaterial.uasset" 195
"../../../Engine/Content/EngineMaterials/BlueNoise.uasset" 196
"../../../Engine/Content/EngineMaterials/DefaultBloomKernel.uasset" 197
"../../../Engine/Content/EngineMaterials/DefaultBokeh.uasset" 198
"../../../Engine/Content/EngineMaterials/DefaultDiffuse.uasset" 199
"../../../Engine/Content/EngineMaterials/DefaultDeferredDecalMaterial.uasset" 200
"../../../Engine/Content/EngineMaterials/DefaultLightFunctionMaterial.uasset" 201
"../../../Engine/Content/EngineMaterials/DefaultPhysicalMaterial.uasset" 202
"../../../Engine/Content/Functions/Engine_MaterialFunctions02/Utility/BreakOutFloat2Components.uasset" 203
"../../../Engine/Content/EngineMaterials/DefaultPostProcessMaterial.uasset" 204
"../../../Engine/Content/EngineFonts/RobotoDistanceField.uasset" 205
"../../../Engine/Content/EngineMaterials/DefaultTextMaterialOpaque.uasset" 206
"../../../Engine/Content/EngineMaterials/DefaultVirtualTextureMaterial.uasset" 207
"../../../Engine/Content/EngineMaterials/DefaultWhiteGrid.uasset" 208
"../../../Engine/Content/EngineMaterials/EditorBrushMaterial.uasset" 209
"../../../Engine/Content/EngineMaterials/DefaultWhiteGrid_Low.uasset" 210
"../../../Engine/Content/EngineMaterials/EmissiveMeshMaterial.uasset" 211
"../../../Engine/Content/EngineMaterials/Good64x64TilingNoiseHighFreq.uasset" 212
"../../../Engine/Content/EngineMaterials/MiniFont.uasset" 213
"../../../Engine/Content/EngineMaterials/InvalidLightmapSettings.uasset" 214
"../../../Engine/Content/EngineMaterials/M_InvalidLightmapSettings.uasset" 215
"../../../Engine/Content/Functions/Engine_MaterialFunctions02/WorldPositionOffset/CameraOffset.uasset" 216
"../../../Engine/Content/EngineMaterials/PhAT_JointLimitMaterial.uasset" 217
"../../../Engine/Content/EngineMaterials/PreintegratedSkinBRDF.uasset" 218
"../../../Engine/Content/EngineMaterials/RemoveSurfaceMaterial.uasset" 219
"../../../Engine/Content/EngineMaterials/WeightMapPlaceholderTexture.uasset" 220
"../../../Engine/Content/EngineResources/WhiteSquareTexture.uasset" 221
"../../../Engine/Content/EngineMaterials/Widget3DPassThrough.uasset" 222
"../../../Engine/Content/EngineMaterials/Widget3DPassThrough_Masked.uasset" 223
"../../../Engine/Content/EngineMaterials/Widget3DPassThrough_Opaque.uasset" 224
"../../../Engine/Content/EngineMaterials/Widget3DPassThrough_Masked_OneSided.uasset" 225
"../../../Engine/Content/EngineMaterials/Widget3DPassThrough_Opaque_OneSided.uasset" 226
"../../../Engine/Content/EngineMaterials/Widget3DPassThrough_Translucent.uasset" 227
"../../../Engine/Content/EngineMaterials/Widget3DPassThrough_Translucent_OneSided.uasset" 228
"../../../Engine/Content/EngineMeshes/Cylinder.uasset" 229
"../../../Engine/Content/EngineMeshes/Sphere.uasset" 230
"../../../Engine/Content/EngineResources/Black.uasset" 231
"../../../Engine/Content/EngineResources/DefaultTexture.uasset" 232
"../../../Engine/Content/EngineResources/DefaultTextureCube.uasset" 233
"../../../Engine/Content/EngineResources/DefaultVolumeTexture2D.uasset" 234
"../../../Engine/Content/EngineResources/DefaultVolumeTexture.uasset" 235
"../../../Engine/Content/EngineResources/GradientTexture0.uasset" 236
"../../../Engine/Content/EngineSounds/Master.uasset" 237
"../../../Engine/Content/Functions/Engine_MaterialFunctions01/Shading/ConvertFromDiffSpec.uasset" 238
"../../../Engine/Content/Functions/Engine_MaterialFunctions01/Shading/PowerToRoughness.uasset" 239
"../../../Engine/Content/Maps/Templates/Thumbnails/Default.uasset" 240
"../../../Engine/Content/Maps/Templates/Thumbnails/VR-Basic.uasset" 241
"../../../Engine/Content/MobileResources/T_MobileControls_texture.uasset" 242
"../../../Engine/Content/MobileResources/T_MobileMenu2.uasset" 243
"../../../Engine/Content/MobileResources/HUD/AnalogHat.uasset" 244
"../../../Engine/Content/MobileResources/HUD/VirtualJoystick_Background.uasset" 245
"../../../Engine/Content/MobileResources/HUD/VirtualJoystick_Thumb.uasset" 246
"../../../Engine/Content/MobileResources/HUD/DefaultVirtualJoysticks.uasset" 247
"../../../Engine/Content/MobileResources/HUD/LeftVirtualJoystickOnly.uasset" 248
"../../../Engine/Content/MobileResources/HUD/MobileHUDButton1_off.uasset" 249
"../../../Engine/Content/MobileResources/HUD/MobileHUDButton1_on.uasset" 250
"../../../Engine/Content/MobileResources/HUD/MobileHUDButton2_off.uasset" 251
"../../../Engine/Content/MobileResources/HUD/MobileHUDButton2_on.uasset" 252
"../../../Engine/Content/MobileResources/HUD/MobileHUDButton3.uasset" 253
"../../../Engine/Content/MobileResources/HUD/MobileHUDButtonFire.uasset" 254
"../../../Engine/Content/MobileResources/HUD/MobileHUDDirectionPad.uasset" 255
"../../../Engine/Content/MobileResources/HUD/MobileHUDDirectionPad2.uasset" 256
"../../../Engine/Content/MobileResources/HUD/MobileHUDDirectionPad3.uasset" 257
"../../../Engine/Content/MobileResources/HUD/MobileHUDDirectionStick.uasset" 258
"../../../Engine/Content/MobileResources/HUD/T_Castle_ThumbstickInner.uasset" 259
"../../../Engine/Content/MobileResources/HUD/T_Castle_ThumbstickOutter.uasset" 260
"../../../Engine/Content/Tutorial/ContentIntroCurve.uasset" 261
"../../../Engine/Content/Tutorial/Basics/LevelEditorAttract.uasset" 262
"../../../Engine/Content/Tutorial/Basics/TutorialAssets/icon_tab_Levels_40x.uasset" 263
"../../../Engine/Content/Tutorial/Basics/LevelEditorOverview.uasset" 264
"../../../Engine/Content/Tutorial/BlueprintTutorials/TutorialAssets/Blueprint_64x.uasset" 265
"../../../Engine/Content/Tutorial/BlueprintTutorials/LevelBlueprintEditorOverview.uasset" 266
"../../../Engine/Content/VREditor/LaserPointer/VR_LaserPower_01.uasset" 267
"../../../Engine/Content/VREditor/TransformGizmo/TransformGizmoMaterial.uasset" 268
"../../../Engine/Content/VREditor/TransformGizmo/TranslucentTransformGizmoMaterial.uasset" 269
"../../../Engine/Content/VREditor/TransformGizmo/BoundingBoxCorner.uasset" 270
"../../../Engine/Content/VREditor/TransformGizmo/BoundingBoxEdge.uasset" 271
"../../../Engine/Content/VREditor/TransformGizmo/PlaneTranslationHandle.uasset" 272
"../../../Engine/Content/VREditor/TransformGizmo/Main.uasset" 273
"../../../Engine/Content/VREditor/TransformGizmo/Xray.uasset" 274
"../../../Engine/Content/VREditor/TransformGizmo/SM_Sequencer_Key.uasset" 275
"../../../Engine/Content/VREditor/TransformGizmo/SM_Sequencer_Node.uasset" 276
"../../Plugins/2D/Paper2D/Content/DummySprite.uasset" 277
"../../Plugins/2D/Paper2D/Content/DefaultPaperTerrainMaterial.uasset" 278
"../../Plugins/2D/Paper2D/Content/MaskedUnlitSpriteMaterial.uasset" 279
"../../Plugins/2D/Paper2D/Content/OpaqueUnlitSpriteMaterial.uasset" 280
"../../Plugins/Runtime/Oculus/OculusVR/Content/OculusMR_RenderTarget.uasset" 281
"../../../Engine/Content/Functions/Engine_MaterialFunctions02/Utility/BreakOutFloat4Components.uasset" 282
"../../../Engine/Content/Functions/Engine_MaterialFunctions02/Utility/MakeFloat2.uasset" 283
"../../../Engine/Content/Functions/Engine_MaterialFunctions02/Utility/MakeFloat3.uasset" 284
"../../Plugins/Runtime/Oculus/OculusVR/Content/Materials/OculusMR_ChromaKey.uasset" 285
"../../Plugins/Runtime/Oculus/OculusVR/Content/Materials/OculusMR_ChromaKey_Lit.uasset" 286
"../../Plugins/Runtime/Oculus/OculusVR/Content/Materials/OculusMR_OpaqueColoredMaterial.uasset" 287
"../../Plugins/Runtime/Oculus/OculusVR/Content/Materials/OculusMR_WhiteMaterial.uasset" 288
"../../../../../UE4 projects/DogGame/Content/Assets/PNGs/Button_exit.uasset" 289
"../../../../../UE4 projects/DogGame/Content/Assets/PNGs/Button_exit_Sprite.uasset" 290
"../../../../../UE4 projects/DogGame/Content/Assets/PNGs/Button_Start.uasset" 291
"../../../../../UE4 projects/DogGame/Content/Assets/PNGs/Button_Start_Sprite.uasset" 292
"../../../../../UE4 projects/DogGame/Content/Assets/PNGs/thetitleismadeofmydreamsandhopes.uasset" 293
"../../../../../UE4 projects/DogGame/Content/Assets/PNGs/thetitleismadeofmydreamsandhopes_Sprite.uasset" 294
"../../../../../UE4 projects/DogGame/Content/Blueprints/WBP_StartMenu.uasset" 295
"../../../../../UE4 projects/DogGame/Content/MainMenu.umap" 296
"../../../Engine/Content/EngineSky/C_Sky_Cloud_Color.uasset" 297
"../../../Engine/Content/EngineSky/C_Sky_Horizon_Color.uasset" 298
"../../../Engine/Content/EngineSky/C_Sky_Zenith_Color.uasset" 299
"../../../Engine/Content/EngineSky/T_Sky_Blue.uasset" 300
"../../../Engine/Content/EngineSky/T_Sky_Clouds_M.uasset" 301
"../../../Engine/Content/EngineSky/T_Sky_Stars.uasset" 302
"../../../Engine/Content/EngineSky/M_Sky_Panning_Clouds2.uasset" 303
"../../../Engine/Content/EngineSky/SM_SkySphere.uasset" 304
"../../../Engine/Content/EngineSky/BP_Sky_Sphere.uasset" 305
"../../../../../UE4 projects/DogGame/Content/Assets/PNGs/Spanners.uasset" 306
"../../../../../UE4 projects/DogGame/Content/Assets/Sprites/S_Wrench.uasset" 307
"../../../../../UE4 projects/DogGame/Content/Blueprints/Interactables/BP_Dad1Wrench.uasset" 308
"../../../../../UE4 projects/DogGame/Content/Blueprints/Interactables/BP_RacoonDad.uasset" 309
"../../../../../UE4 projects/DogGame/Content/Assets/PNGs/dedfallremadenewnewmark2secondorthirdremakenewnewnr10.uasset" 310
"../../../../../UE4 projects/DogGame/Content/Assets/PNGs/dedfallremadenewnewmark2secondorthirdremakenewnewnr10_Sprite.uasset" 311
"../../../../../UE4 projects/DogGame/Content/Assets/PNGs/dedfallremadenewnewmark2secondorthirdremakenewnewnr11.uasset" 312
"../../../../../UE4 projects/DogGame/Content/Assets/PNGs/dedfallremadenewnewmark2secondorthirdremakenewnewnr11_Sprite.uasset" 313
"../../../../../UE4 projects/DogGame/Content/Assets/PNGs/dedfallremadenewnewmark2secondorthirdremakenewnewnr12.uasset" 314
"../../../../../UE4 projects/DogGame/Content/Assets/PNGs/dedfallremadenewnewmark2secondorthirdremakenewnewnr12_Sprite.uasset" 315
"../../../../../UE4 projects/DogGame/Content/Assets/PNGs/dedfallremadenewnewmark2secondorthirdremakenewnewnr13.uasset" 316
"../../../../../UE4 projects/DogGame/Content/Assets/PNGs/dedfallremadenewnewmark2secondorthirdremakenewnewnr13_Sprite.uasset" 317
"../../../../../UE4 projects/DogGame/Content/Assets/PNGs/dedfallremadenewnewmark2secondorthirdremakenewnewnr14.uasset" 318
"../../../../../UE4 projects/DogGame/Content/Assets/PNGs/dedfallremadenewnewmark2secondorthirdremakenewnewnr14_Sprite.uasset" 319
"../../../../../UE4 projects/DogGame/Content/Assets/PNGs/dedfallremadenewnewmark2secondorthirdremakenewnewnr15.uasset" 320
"../../../../../UE4 projects/DogGame/Content/Assets/PNGs/dedfallremadenewnewmark2secondorthirdremakenewnewnr15_Sprite.uasset" 321
"../../../../../UE4 projects/DogGame/Content/Assets/PNGs/dedfallremadenewnewmark2secondorthirdremakenewnewnr2.uasset" 322
"../../../../../UE4 projects/DogGame/Content/Assets/PNGs/dedfallremadenewnewmark2secondorthirdremakenewnewnr2_Sprite.uasset" 323
"../../../../../UE4 projects/DogGame/Content/Assets/PNGs/dedfallremadenewnewmark2secondorthirdremakenewnewnr3.uasset" 324
"../../../../../UE4 projects/DogGame/Content/Assets/PNGs/dedfallremadenewnewmark2secondorthirdremakenewnewnr3_Sprite.uasset" 325
"../../../../../UE4 projects/DogGame/Content/Assets/PNGs/dedfallremadenewnewmark2secondorthirdremakenewnewnr4.uasset" 326
"../../../../../UE4 projects/DogGame/Content/Assets/PNGs/dedfallremadenewnewmark2secondorthirdremakenewnewnr4_Sprite.uasset" 327
"../../../../../UE4 projects/DogGame/Content/Assets/PNGs/dedfallremadenewnewmark2secondorthirdremakenewnewnr5.uasset" 328
"../../../../../UE4 projects/DogGame/Content/Assets/PNGs/dedfallremadenewnewmark2secondorthirdremakenewnewnr5_Sprite.uasset" 329
"../../../../../UE4 projects/DogGame/Content/Assets/PNGs/dedfallremadenewnewmark2secondorthirdremakenewnewnr6.uasset" 330
"../../../../../UE4 projects/DogGame/Content/Assets/PNGs/dedfallremadenewnewmark2secondorthirdremakenewnewnr6_Sprite.uasset" 331
"../../../../../UE4 projects/DogGame/Content/Assets/PNGs/dedfallremadenewnewmark2secondorthirdremakenewnewnr7.uasset" 332
"../../../../../UE4 projects/DogGame/Content/Assets/PNGs/dedfallremadenewnewmark2secondorthirdremakenewnewnr7_Sprite.uasset" 333
"../../../../../UE4 projects/DogGame/Content/Assets/PNGs/dedfallremadenewnewmark2secondorthirdremakenewnewnr8.uasset" 334
"../../../../../UE4 projects/DogGame/Content/Assets/PNGs/dedfallremadenewnewmark2secondorthirdremakenewnewnr8_Sprite.uasset" 335
"../../../../../UE4 projects/DogGame/Content/Assets/PNGs/dedfallremadenewnewmark2secondorthirdremakenewnewnr9.uasset" 336
"../../../../../UE4 projects/DogGame/Content/Assets/PNGs/dedfallremadenewnewmark2secondorthirdremakenewnewnr9_Sprite.uasset" 337
"../../../../../UE4 projects/DogGame/Content/Assets/Flipbooks/FB_DadScared.uasset" 338
"../../../../../UE4 projects/DogGame/Content/Assets/Sound/Possible_dad1_sound2.uasset" 339
"../../../../../UE4 projects/DogGame/Content/Assets/Sound/Wrench.uasset" 340
"../../../../../UE4 projects/DogGame/Content/Assets/PNGs/daddytakeme.uasset" 341
"../../../../../UE4 projects/DogGame/Content/Assets/Sprites/S_Daddy1.uasset" 342
"../../../../../UE4 projects/DogGame/Content/Assets/Sprites/FB_Dad1.uasset" 343
"../../../../../UE4 projects/DogGame/Content/Blueprints/Interactables/BP_Dad1.uasset" 344
"../../../../../UE4 projects/DogGame/Content/Assets/PNGs/kidstiitng1.uasset" 345
"../../../../../UE4 projects/DogGame/Content/Assets/PNGs/kidstiitng1_Sprite.uasset" 346
"../../../../../UE4 projects/DogGame/Content/Assets/PNGs/kidstiitng2.uasset" 347
"../../../../../UE4 projects/DogGame/Content/Assets/PNGs/kidstiitng2_Sprite.uasset" 348
"../../../../../UE4 projects/DogGame/Content/Assets/PNGs/kidstiitng3.uasset" 349
"../../../../../UE4 projects/DogGame/Content/Assets/PNGs/kidstiitng3_Sprite.uasset" 350
"../../../../../UE4 projects/DogGame/Content/Assets/PNGs/kidstiitng4.uasset" 351
"../../../../../UE4 projects/DogGame/Content/Assets/PNGs/kidstiitng4_Sprite.uasset" 352
"../../../../../UE4 projects/DogGame/Content/Assets/Flipbooks/FB_KidSitting.uasset" 353
"../../../../../UE4 projects/DogGame/Content/Blueprints/Interactables/BP_Son.uasset" 354
"../../../../../UE4 projects/DogGame/Content/NewMap_BuiltData.uasset" 355
"../../../Engine/Content/BasicShapes/BasicShapeMaterial.uasset" 356
"../../../../../UE4 projects/DogGame/Content/Blueprints/Interactables/M_InteractableHighlight.uasset" 357
"../../../Engine/Content/BasicShapes/Cube.uasset" 358
"../../../Engine/Content/MapTemplates/SM_Template_Map_Floor.uasset" 359
"../../../../../UE4 projects/DogGame/Content/NewMap.umap" 360
"../../../../../UE4 projects/DogGame/Content/Blueprints/BP_Collision.uasset" 361
"../../../../../UE4 projects/DogGame/Content/Blueprints/BP_Floor.uasset" 362
"../../../../../UE4 projects/DogGame/Content/Assets/PNGs/Duck_dogtoy.uasset" 363
"../../../../../UE4 projects/DogGame/Content/Assets/Sprites/S_DogToy.uasset" 364
"../../../../../UE4 projects/DogGame/Content/Blueprints/Interactables/BP_RubberDucky.uasset" 365
"../../../../../UE4 projects/DogGame/Content/Assets/PNGs/dad2_utensad1.uasset" 366
"../../../../../UE4 projects/DogGame/Content/Assets/PNGs/dad2_utensad1_Sprite.uasset" 367
"../../../../../UE4 projects/DogGame/Content/Assets/PNGs/dad2_utensad2.uasset" 368
"../../../../../UE4 projects/DogGame/Content/Assets/PNGs/dad2_utensad2_Sprite.uasset" 369
"../../../../../UE4 projects/DogGame/Content/Assets/PNGs/dad2_utensad3.uasset" 370
"../../../../../UE4 projects/DogGame/Content/Assets/PNGs/dad2_utensad3_Sprite.uasset" 371
"../../../../../UE4 projects/DogGame/Content/Assets/PNGs/dad2_utensad4.uasset" 372
"../../../../../UE4 projects/DogGame/Content/Assets/PNGs/dad2_utensad4_Sprite.uasset" 373
"../../../../../UE4 projects/DogGame/Content/Assets/Flipbooks/FB_Dad2.uasset" 374
"../../../../../UE4 projects/DogGame/Content/Assets/PNGs/dad2_medsad1.uasset" 375
"../../../../../UE4 projects/DogGame/Content/Assets/PNGs/dad2_medsad1_Sprite.uasset" 376
"../../../../../UE4 projects/DogGame/Content/Assets/PNGs/dad2_medsad2.uasset" 377
"../../../../../UE4 projects/DogGame/Content/Assets/PNGs/dad2_medsad2_Sprite.uasset" 378
"../../../../../UE4 projects/DogGame/Content/Assets/PNGs/dad2_medsad3.uasset" 379
"../../../../../UE4 projects/DogGame/Content/Assets/PNGs/dad2_medsad3_Sprite.uasset" 380
"../../../../../UE4 projects/DogGame/Content/Assets/PNGs/dad2_medsad4.uasset" 381
"../../../../../UE4 projects/DogGame/Content/Assets/PNGs/dad2_medsad4_Sprite.uasset" 382
"../../../../../UE4 projects/DogGame/Content/Assets/PNGs/dad2_medsad5.uasset" 383
"../../../../../UE4 projects/DogGame/Content/Assets/PNGs/dad2_medsad5_Sprite.uasset" 384
"../../../../../UE4 projects/DogGame/Content/Assets/PNGs/dad2_medsad6.uasset" 385
"../../../../../UE4 projects/DogGame/Content/Assets/PNGs/dad2_medsad6_Sprite.uasset" 386
"../../../../../UE4 projects/DogGame/Content/Assets/PNGs/dad2_medsad7.uasset" 387
"../../../../../UE4 projects/DogGame/Content/Assets/PNGs/dad2_medsad7_Sprite.uasset" 388
"../../../../../UE4 projects/DogGame/Content/Assets/PNGs/dad2_medsad8.uasset" 389
"../../../../../UE4 projects/DogGame/Content/Assets/PNGs/dad2_medsad8_Sprite.uasset" 390
"../../../../../UE4 projects/DogGame/Content/Assets/PNGs/dad2_medsad9.uasset" 391
"../../../../../UE4 projects/DogGame/Content/Assets/PNGs/dad2_medsad9_Sprite.uasset" 392
"../../../../../UE4 projects/DogGame/Content/Assets/Flipbooks/FB_SadDaddy2.uasset" 393
"../../../../../UE4 projects/DogGame/Content/Blueprints/Interactables/BP_Dad2.uasset" 394
"../../../../../UE4 projects/DogGame/Content/Assets/PNGs/Ball.uasset" 395
"../../../../../UE4 projects/DogGame/Content/Assets/Sprites/S_Ball.uasset" 396
"../../../../../UE4 projects/DogGame/Content/Blueprints/Interactables/BP_Plum.uasset" 397
"../../../../../UE4 projects/DogGame/Content/Assets/PNGs/girl_notsad1.uasset" 398
"../../../../../UE4 projects/DogGame/Content/Assets/PNGs/girl_notsad1_Sprite.uasset" 399
"../../../../../UE4 projects/DogGame/Content/Assets/PNGs/girl_notsad2.uasset" 400
"../../../../../UE4 projects/DogGame/Content/Assets/PNGs/girl_notsad2_Sprite.uasset" 401
"../../../../../UE4 projects/DogGame/Content/Assets/PNGs/girl_notsad3.uasset" 402
"../../../../../UE4 projects/DogGame/Content/Assets/PNGs/girl_notsad3_Sprite.uasset" 403
"../../../../../UE4 projects/DogGame/Content/Assets/Flipbooks/FB_GirlNotSad.uasset" 404
"../../../../../UE4 projects/DogGame/Content/Assets/PNGs/girl_medsad1.uasset" 405
"../../../../../UE4 projects/DogGame/Content/Assets/PNGs/girl_medsad1_Sprite.uasset" 406
"../../../../../UE4 projects/DogGame/Content/Assets/PNGs/girl_medsad2.uasset" 407
"../../../../../UE4 projects/DogGame/Content/Assets/PNGs/girl_medsad2_Sprite.uasset" 408
"../../../../../UE4 projects/DogGame/Content/Assets/PNGs/girl_medsad3.uasset" 409
"../../../../../UE4 projects/DogGame/Content/Assets/PNGs/girl_medsad3_Sprite.uasset" 410
"../../../../../UE4 projects/DogGame/Content/Assets/PNGs/girl_medsad4.uasset" 411
"../../../../../UE4 projects/DogGame/Content/Assets/PNGs/girl_medsad4_Sprite.uasset" 412
"../../../../../UE4 projects/DogGame/Content/Assets/PNGs/girl_medsad5.uasset" 413
"../../../../../UE4 projects/DogGame/Content/Assets/PNGs/girl_medsad5_Sprite.uasset" 414
"../../../../../UE4 projects/DogGame/Content/Assets/PNGs/girl_medsad6.uasset" 415
"../../../../../UE4 projects/DogGame/Content/Assets/PNGs/girl_medsad6_Sprite.uasset" 416
"../../../../../UE4 projects/DogGame/Content/Assets/PNGs/girl_medsad7.uasset" 417
"../../../../../UE4 projects/DogGame/Content/Assets/PNGs/girl_medsad7_Sprite.uasset" 418
"../../../../../UE4 projects/DogGame/Content/Assets/PNGs/girl_medsad8.uasset" 419
"../../../../../UE4 projects/DogGame/Content/Assets/PNGs/girl_medsad8_Sprite.uasset" 420
"../../../../../UE4 projects/DogGame/Content/Assets/Flipbooks/FB_GirlSad.uasset" 421
"../../../../../UE4 projects/DogGame/Content/Assets/Sound/Kick_ball.uasset" 422
"../../../../../UE4 projects/DogGame/Content/Blueprints/Interactables/BP_Daughter.uasset" 423
"../../../../../UE4 projects/DogGame/Content/Assets/Backgrounds/fuckthisshitiwannadie.uasset" 424
"../../../../../UE4 projects/DogGame/Content/Assets/Backgrounds/S_fuckthisshitiwannadie_Sprite.uasset" 425
"../../../../../UE4 projects/DogGame/Content/Assets/Backgrounds/gargagnewremadexde.uasset" 426
"../../../../../UE4 projects/DogGame/Content/Assets/Backgrounds/S_GarageUpdate.uasset" 427
"../../../../../UE4 projects/DogGame/Content/Assets/Backgrounds/Misc_Sky-Backdrop.uasset" 428
"../../../../../UE4 projects/DogGame/Content/Assets/Backgrounds/S_Misc_Sky-Backdrop_Sprite.uasset" 429
"../../../../../UE4 projects/DogGame/Content/Assets/Backgrounds/Scene_Street.uasset" 430
"../../../../../UE4 projects/DogGame/Content/Assets/Backgrounds/S_Scene1.uasset" 431
"../../../../../UE4 projects/DogGame/Content/Assets/Backgrounds/Scene_House.uasset" 432
"../../../../../UE4 projects/DogGame/Content/Assets/Backgrounds/S_Scene2.uasset" 433
"../../../../../UE4 projects/DogGame/Content/Assets/Backgrounds/Scene_PorchBackyard.uasset" 434
"../../../../../UE4 projects/DogGame/Content/Assets/Backgrounds/Scene_PorchBackyard_Sprite.uasset" 435
"../../../../../UE4 projects/DogGame/Content/Assets/Backgrounds/Scene_TreeBackyard.uasset" 436
"../../../../../UE4 projects/DogGame/Content/Assets/Backgrounds/Scene_TreeBackyard_Sprite.uasset" 437
"../../../../../UE4 projects/DogGame/Content/Assets/Backgrounds/Scene_TVroom.uasset" 438
"../../../../../UE4 projects/DogGame/Content/Assets/Backgrounds/Scene_TVroom_Sprite.uasset" 439
"../../../../../UE4 projects/DogGame/Content/Assets/Backgrounds/Stue.uasset" 440
"../../../../../UE4 projects/DogGame/Content/Assets/Backgrounds/Stue_Sprite.uasset" 441
"../../../../../UE4 projects/DogGame/Content/Assets/Sound/Boy_Sceam.uasset" 442
"../../../../../UE4 projects/DogGame/Content/Assets/Sound/dad_cry.uasset" 443
"../../../../../UE4 projects/DogGame/Content/Assets/Sound/Outside_house.uasset" 444
"../../../../../UE4 projects/DogGame/Content/Assets/Sound/Angry_Raccoon.uasset" 445
"../../../../../UE4 projects/DogGame/Content/Assets/Sound/SC_AngetryRacoon.uasset" 446
"../../../../../UE4 projects/DogGame/Content/Assets/Sound/Chips_crunsh.uasset" 447
"../../../../../UE4 projects/DogGame/Content/Assets/Sound/SC_Chips.uasset" 448
"../../../../../UE4 projects/DogGame/Content/Assets/PNGs/box.uasset" 449
"../../../../../UE4 projects/DogGame/Content/Assets/Sprites/S_Box.uasset" 450
"../../../../../UE4 projects/DogGame/Content/Assets/PNGs/box_back.uasset" 451
"../../../../../UE4 projects/DogGame/Content/Assets/Sprites/S_BoxBG.uasset" 452
"../../../../../UE4 projects/DogGame/Content/Assets/PNGs/coner.uasset" 453
"../../../../../UE4 projects/DogGame/Content/Assets/Sprites/S_Cone.uasset" 454
"../../../../../UE4 projects/DogGame/Content/UntitledDogGame.umap" 455
"../../../../../UE4 projects/DogGame/Content/Assets/Ending/credits.uasset" 456
"../../../../../UE4 projects/DogGame/Content/Assets/Ending/endcutscene3_1.uasset" 457
"../../../../../UE4 projects/DogGame/Content/Assets/Ending/endcutscene_part2.uasset" 458
"../../../../../UE4 projects/DogGame/Content/Assets/Ending/endcutsceneone_part5.uasset" 459
"../../../../../UE4 projects/DogGame/Content/ENDING/LevelDesign/W_End.uasset" 460
"../../../../../UE4 projects/DogGame/Content/ENDING/LevelDesign/GM_Ending.uasset" 461
"../../../../../UE4 projects/DogGame/Content/ENDING/LevelDesign/MAP_End.umap" 462
"../../../Engine/Content/Maps/Entry_BuiltData.uasset" 463
"../../../Engine/Content/Maps/Entry.umap" 464
